<?xml version="1.0" encoding="UTF-8"?>
<testng-results ignored="0" total="1" passed="1" failed="0" skipped="0">
  <reporter-output>
  </reporter-output>
  <suite started-at="2019-10-16T03:54:18Z" name="Default suite" finished-at="2019-10-16T03:54:30Z" duration-ms="11292">
    <groups>
    </groups>
    <test started-at="2019-10-16T03:54:18Z" name="Default test" finished-at="2019-10-16T03:54:30Z" duration-ms="11292">
      <class name="testSuite.TestGoogle">
        <test-method signature="Test_Google()[pri:0, instance:testSuite.TestGoogle@2aece37d]" started-at="2019-10-16T03:54:18Z" name="Test_Google" finished-at="2019-10-16T03:54:30Z" duration-ms="11257" status="PASS">
          <reporter-output>
          </reporter-output>
        </test-method> <!-- Test_Google -->
      </class> <!-- testSuite.TestGoogle -->
    </test> <!-- Default test -->
  </suite> <!-- Default suite -->
</testng-results>
